<?xml version="1.0" encoding="utf-8"?><testsuites name="pytest tests"><testsuite name="pytest" errors="0" failures="0" skipped="0" tests="26" time="5.818" timestamp="2026-05-17T20:14:27.571389+00:00" hostname="agent-env-b8e32cfc-e7c7-4219-869a-5ff3ba234d3e"><testcase classname="backend.tests.backend_test" name="test_health" time="0.356" /><testcase classname="backend.tests.backend_test" name="test_register_success_and_returns_token" time="0.842" /><testcase classname="backend.tests.backend_test" name="test_register_duplicate_cpf" time="0.324" /><testcase classname="backend.tests.backend_test" name="test_register_duplicate_email" time="0.059" /><testcase classname="backend.tests.backend_test" name="test_register_invalid_cpf" time="0.053" /><testcase classname="backend.tests.backend_test" name="test_login_with_cpf" time="0.274" /><testcase classname="backend.tests.backend_test" name="test_login_with_email" time="0.272" /><testcase classname="backend.tests.backend_test" name="test_login_wrong_password" time="0.275" /><testcase classname="backend.tests.backend_test" name="test_login_nonexistent" time="0.051" /><testcase classname="backend.tests.backend_test" name="test_me_with_token" time="0.051" /><testcase classname="backend.tests.backend_test" name="test_me_without_token" time="0.059" /><testcase classname="backend.tests.backend_test" name="test_me_invalid_token" time="0.055" /><testcase classname="backend.tests.backend_test" name="test_admin_login_success" time="0.510" /><testcase classname="backend.tests.backend_test" name="test_admin_login_wrong_password" time="0.497" /><testcase classname="backend.tests.backend_test" name="test_admin_login_wrong_user" time="0.275" /><testcase classname="backend.tests.backend_test" name="test_create_inscricao_authenticated" time="0.113" /><testcase classname="backend.tests.backend_test" name="test_create_inscricao_without_token" time="0.050" /><testcase classname="backend.tests.backend_test" name="test_admin_cadastros_list" time="0.053" /><testcase classname="backend.tests.backend_test" name="test_admin_cadastros_search" time="0.051" /><testcase classname="backend.tests.backend_test" name="test_admin_cadastros_forbidden_with_candidate_token" time="0.049" /><testcase classname="backend.tests.backend_test" name="test_admin_cadastros_without_token" time="0.048" /><testcase classname="backend.tests.backend_test" name="test_admin_inscricoes_list" time="0.054" /><testcase classname="backend.tests.backend_test" name="test_admin_stats" time="0.053" /><testcase classname="backend.tests.backend_test" name="test_delete_inscricao" time="0.154" /><testcase classname="backend.tests.backend_test" name="test_delete_cadastro_cascade" time="0.447" /><testcase classname="backend.tests.backend_test" name="test_delete_nonexistent_cadastro" time="0.613" /></testsuite></testsuites>